<?xml version="1.0" encoding="UTF-8"?>
<testng-results ignored="0" total="2" passed="2" failed="0" skipped="0">
  <reporter-output>
  </reporter-output>
  <suite started-at="2022-08-28T18:42:42 IST" name="Suite" finished-at="2022-08-28T18:42:42 IST" duration-ms="62">
    <groups>
    </groups>
    <test started-at="2022-08-28T18:42:42 IST" name="Test" finished-at="2022-08-28T18:42:42 IST" duration-ms="62">
      <class name="com.TestNG.org.Parallel_Concept">
        <test-method signature="facebook()[pri:0, instance:com.TestNG.org.Parallel_Concept@1eb5174b]" started-at="2022-08-28T18:42:42 IST" name="facebook" finished-at="2022-08-28T18:42:42 IST" duration-ms="15" status="PASS">
          <reporter-output>
          </reporter-output>
        </test-method> <!-- facebook -->
        <test-method signature="instagram()[pri:0, instance:com.TestNG.org.Parallel_Concept@1eb5174b]" started-at="2022-08-28T18:42:42 IST" name="instagram" finished-at="2022-08-28T18:42:42 IST" duration-ms="15" status="PASS">
          <reporter-output>
          </reporter-output>
        </test-method> <!-- instagram -->
      </class> <!-- com.TestNG.org.Parallel_Concept -->
    </test> <!-- Test -->
  </suite> <!-- Suite -->
</testng-results>
